0 info it worked if it ends with ok
1 verbose cli [ 'C:\\Program Files\\nodejs\\node.exe',
1 verbose cli   'C:\\Program Files\\nodejs\\node_modules\\npm\\bin\\npm-cli.js',
1 verbose cli   'start' ]
2 info using npm@3.10.10
3 info using node@v6.10.0
4 verbose run-script [ 'prestart', 'start', 'poststart' ]
5 info lifecycle angular-seed@0.0.0~prestart: angular-seed@0.0.0
6 verbose lifecycle angular-seed@0.0.0~prestart: unsafe-perm in lifecycle true
7 verbose lifecycle angular-seed@0.0.0~prestart: PATH: C:\Program Files\nodejs\node_modules\npm\bin\node-gyp-bin;C:\Users\Owner\Documents\Dywayne\Dev\NodeJS\angular-seed\node_modules\.bin;C:\ProgramData\Oracle\Java\javapath;C:\Windows\system32;C:\Windows;C:\Windows\System32\Wbem;C:\Windows\System32\WindowsPowerShell\v1.0\;C:\Program Files (x86)\Common Files\Roxio Shared\DLLShared\;C:\Program Files (x86)\QuickTime\QTSystem\;C:\Program Files\nodejs\;C:\Program Files\Git\cmd;C:\Users\Owner\AppData\Roaming\npm;C:\Program Files\Heroku\bin
8 verbose lifecycle angular-seed@0.0.0~prestart: CWD: C:\Users\Owner\Documents\Dywayne\Dev\NodeJS\angular-seed
9 silly lifecycle angular-seed@0.0.0~prestart: Args: [ '/d /s /c', 'npm install' ]
10 silly lifecycle angular-seed@0.0.0~prestart: Returned: code: 0  signal: null
11 info lifecycle angular-seed@0.0.0~start: angular-seed@0.0.0
12 verbose lifecycle angular-seed@0.0.0~start: unsafe-perm in lifecycle true
13 verbose lifecycle angular-seed@0.0.0~start: PATH: C:\Program Files\nodejs\node_modules\npm\bin\node-gyp-bin;C:\Users\Owner\Documents\Dywayne\Dev\NodeJS\angular-seed\node_modules\.bin;C:\ProgramData\Oracle\Java\javapath;C:\Windows\system32;C:\Windows;C:\Windows\System32\Wbem;C:\Windows\System32\WindowsPowerShell\v1.0\;C:\Program Files (x86)\Common Files\Roxio Shared\DLLShared\;C:\Program Files (x86)\QuickTime\QTSystem\;C:\Program Files\nodejs\;C:\Program Files\Git\cmd;C:\Users\Owner\AppData\Roaming\npm;C:\Program Files\Heroku\bin
14 verbose lifecycle angular-seed@0.0.0~start: CWD: C:\Users\Owner\Documents\Dywayne\Dev\NodeJS\angular-seed
15 silly lifecycle angular-seed@0.0.0~start: Args: [ '/d /s /c', 'http-server -a localhost -p 8000 -c-1 ./app' ]
16 silly lifecycle angular-seed@0.0.0~start: Returned: code: 0  signal: null
17 verbose stack Error: kill ENOSYS
17 verbose stack     at exports._errnoException (util.js:1022:11)
17 verbose stack     at process.kill (internal/process.js:172:13)
17 verbose stack     at process.listener (C:\Program Files\nodejs\node_modules\npm\node_modules\npmlog\node_modules\gauge\node_modules\signal-exit\index.js:86:15)
17 verbose stack     at emitNone (events.js:91:20)
17 verbose stack     at process.emit (events.js:185:7)
17 verbose stack     at processEmit (C:\Program Files\nodejs\node_modules\npm\node_modules\npmlog\node_modules\gauge\node_modules\signal-exit\index.js:146:32)
17 verbose stack     at processEmit (C:\Program Files\nodejs\node_modules\npm\node_modules\npm-registry-client\node_modules\npmlog\node_modules\gauge\node_modules\signal-exit\index.js:146:32)
17 verbose stack     at Signal.wrap.onsignal (internal/process.js:199:44)
18 verbose cwd C:\Users\Owner\Documents\Dywayne\Dev\NodeJS\angular-seed
19 error Windows_NT 6.1.7601
20 error argv "C:\\Program Files\\nodejs\\node.exe" "C:\\Program Files\\nodejs\\node_modules\\npm\\bin\\npm-cli.js" "start"
21 error node v6.10.0
22 error npm  v3.10.10
23 error code ENOSYS
24 error errno ENOSYS
25 error syscall kill
26 error kill ENOSYS
27 error If you need help, you may report this error at:
27 error     <https://github.com/npm/npm/issues>
28 verbose exit [ 1, true ]
